# JRE version: OpenJDK Runtime Environment Temurin-17.0.13+11 (17.0.13+11) (build 17.0.13+11)
# Java VM: OpenJDK 64-Bit Server VM Temurin-17.0.13+11 (17.0.13+11, mixed mode, tiered, compressed oops, compressed class ptrs, parallel gc, windows-amd64)
GC Precious Log:
 CPUs: 8 total, 8 available
 Memory: 16087M
 Large Page Support: Disabled
 NUMA Support: Disabled
 Compressed Oops: Enabled (32-bit)
 Alignments: Space 512K, Generation 512K, Heap 2M
 Heap Min Capacity: 100M
 Heap Initial Capacity: 100M
 Heap Max Capacity: 1G
 Pre-touch: Disabled
 Parallel Workers: 8
Heap:
 PSYoungGen      total 5120K, used 4069K [0x00000000eab00000, 0x00000000eb300000, 0x0000000100000000)
  eden space 4096K, 74% used [0x00000000eab00000,0x00000000eadfaf00,0x00000000eaf00000)
  from space 1024K, 99% used [0x00000000eb100000,0x00000000eb1fe680,0x00000000eb200000)
  to   space 2048K, 0% used [0x00000000eaf00000,0x00000000eaf00000,0x00000000eb100000)
 ParOldGen       total 355840K, used 346191K [0x00000000c0000000, 0x00000000d5b80000, 0x00000000eab00000)
  object space 355840K, 97% used [0x00000000c0000000,0x00000000d5213f38,0x00000000d5b80000)
 Metaspace       used 67985K, committed 69248K, reserved 1114112K
  class space    used 7102K, committed 7680K, reserved 1048576K
GC Heap History (20 events):
Event: 33.290 GC heap before
{Heap before GC invocations=352 (full 9):
 PSYoungGen      total 6144K, used 5832K [0x00000000eab00000, 0x00000000eb280000, 0x0000000100000000)
  eden space 4608K, 100% used [0x00000000eab00000,0x00000000eaf80000,0x00000000eaf80000)
  from space 1536K, 79% used [0x00000000eaf80000,0x00000000eb0b23e8,0x00000000eb100000)
  to   space 1536K, 0% used [0x00000000eb100000,0x00000000eb100000,0x00000000eb280000)
 ParOldGen       total 250368K, used 244281K [0x00000000c0000000, 0x00000000cf480000, 0x00000000eab00000)
  object space 250368K, 97% used [0x00000000c0000000,0x00000000cee8e488,0x00000000cf480000)
 Metaspace       used 67420K, committed 68672K, reserved 1114112K
  class space    used 7055K, committed 7616K, reserved 1048576K
}
Event: 33.301 GC heap after
{Heap after GC invocations=352 (full 9):
 PSYoungGen      total 5120K, used 1516K [0x00000000eab00000, 0x00000000eb580000, 0x0000000100000000)
  eden space 3584K, 0% used [0x00000000eab00000,0x00000000eab00000,0x00000000eae80000)
  from space 1536K, 98% used [0x00000000eb100000,0x00000000eb27b098,0x00000000eb280000)
  to   space 2560K, 0% used [0x00000000eae80000,0x00000000eae80000,0x00000000eb100000)
 ParOldGen       total 250368K, used 244935K [0x00000000c0000000, 0x00000000cf480000, 0x00000000eab00000)
  object space 250368K, 97% used [0x00000000c0000000,0x00000000cef31ca8,0x00000000cf480000)
 Metaspace       used 67420K, committed 68672K, reserved 1114112K
  class space    used 7055K, committed 7616K, reserved 1048576K
}
Event: 33.319 GC heap before
{Heap before GC invocations=353 (full 9):
 PSYoungGen      total 5120K, used 5100K [0x00000000eab00000, 0x00000000eb580000, 0x0000000100000000)
  eden space 3584K, 100% used [0x00000000eab00000,0x00000000eae80000,0x00000000eae80000)
  from space 1536K, 98% used [0x00000000eb100000,0x00000000eb27b098,0x00000000eb280000)
  to   space 2560K, 0% used [0x00000000eae80000,0x00000000eae80000,0x00000000eb100000)
 ParOldGen       total 250368K, used 244935K [0x00000000c0000000, 0x00000000cf480000, 0x00000000eab00000)
  object space 250368K, 97% used [0x00000000c0000000,0x00000000cef31ca8,0x00000000cf480000)
 Metaspace       used 67420K, committed 68672K, reserved 1114112K
  class space    used 7055K, committed 7616K, reserved 1048576K
}
Event: 33.321 GC heap after
{Heap after GC invocations=353 (full 9):
 PSYoungGen      total 6144K, used 936K [0x00000000eab00000, 0x00000000eb280000, 0x0000000100000000)
  eden space 3584K, 0% used [0x00000000eab00000,0x00000000eab00000,0x00000000eae80000)
  from space 2560K, 36% used [0x00000000eae80000,0x00000000eaf6a1d8,0x00000000eb100000)
  to   space 1536K, 0% used [0x00000000eb100000,0x00000000eb100000,0x00000000eb280000)
 ParOldGen       total 250368K, used 246426K [0x00000000c0000000, 0x00000000cf480000, 0x00000000eab00000)
  object space 250368K, 98% used [0x00000000c0000000,0x00000000cf0a6b50,0x00000000cf480000)
 Metaspace       used 67420K, committed 68672K, reserved 1114112K
  class space    used 7055K, committed 7616K, reserved 1048576K
}
Event: 33.599 GC heap before
{Heap before GC invocations=354 (full 9):
 PSYoungGen      total 6144K, used 4520K [0x00000000eab00000, 0x00000000eb280000, 0x0000000100000000)
  eden space 3584K, 100% used [0x00000000eab00000,0x00000000eae80000,0x00000000eae80000)
  from space 2560K, 36% used [0x00000000eae80000,0x00000000eaf6a1d8,0x00000000eb100000)
  to   space 1536K, 0% used [0x00000000eb100000,0x00000000eb100000,0x00000000eb280000)
 ParOldGen       total 250368K, used 246426K [0x00000000c0000000, 0x00000000cf480000, 0x00000000eab00000)
  object space 250368K, 98% used [0x00000000c0000000,0x00000000cf0a6b50,0x00000000cf480000)
 Metaspace       used 67423K, committed 68672K, reserved 1114112K
  class space    used 7055K, committed 7616K, reserved 1048576K
}
Event: 33.601 GC heap after
{Heap after GC invocations=354 (full 9):
 PSYoungGen      total 4608K, used 896K [0x00000000eab00000, 0x00000000eb200000, 0x0000000100000000)
  eden space 3584K, 0% used [0x00000000eab00000,0x00000000eab00000,0x00000000eae80000)
  from space 1024K, 87% used [0x00000000eb100000,0x00000000eb1e0000,0x00000000eb200000)
  to   space 1024K, 0% used [0x00000000eb000000,0x00000000eb000000,0x00000000eb100000)
 ParOldGen       total 250368K, used 247255K [0x00000000c0000000, 0x00000000cf480000, 0x00000000eab00000)
  object space 250368K, 98% used [0x00000000c0000000,0x00000000cf175d68,0x00000000cf480000)
 Metaspace       used 67423K, committed 68672K, reserved 1114112K
  class space    used 7055K, committed 7616K, reserved 1048576K
}
Event: 33.740 GC heap before
{Heap before GC invocations=355 (full 9):
 PSYoungGen      total 4608K, used 4480K [0x00000000eab00000, 0x00000000eb200000, 0x0000000100000000)
  eden space 3584K, 100% used [0x00000000eab00000,0x00000000eae80000,0x00000000eae80000)
  from space 1024K, 87% used [0x00000000eb100000,0x00000000eb1e0000,0x00000000eb200000)
  to   space 1024K, 0% used [0x00000000eb000000,0x00000000eb000000,0x00000000eb100000)
 ParOldGen       total 250368K, used 247255K [0x00000000c0000000, 0x00000000cf480000, 0x00000000eab00000)
  object space 250368K, 98% used [0x00000000c0000000,0x00000000cf175d68,0x00000000cf480000)
 Metaspace       used 67429K, committed 68672K, reserved 1114112K
  class space    used 7055K, committed 7616K, reserved 1048576K
}
Event: 33.744 GC heap after
{Heap after GC invocations=355 (full 9):
 PSYoungGen      total 4608K, used 990K [0x00000000eab00000, 0x00000000eb180000, 0x0000000100000000)
  eden space 3584K, 0% used [0x00000000eab00000,0x00000000eab00000,0x00000000eae80000)
  from space 1024K, 96% used [0x00000000eb000000,0x00000000eb0f7a58,0x00000000eb100000)
  to   space 512K, 0% used [0x00000000eb100000,0x00000000eb100000,0x00000000eb180000)
 ParOldGen       total 250368K, used 248049K [0x00000000c0000000, 0x00000000cf480000, 0x00000000eab00000)
  object space 250368K, 99% used [0x00000000c0000000,0x00000000cf23c6c0,0x00000000cf480000)
 Metaspace       used 67429K, committed 68672K, reserved 1114112K
  class space    used 7055K, committed 7616K, reserved 1048576K
}
Event: 33.772 GC heap before
{Heap before GC invocations=356 (full 9):
 PSYoungGen      total 4608K, used 4574K [0x00000000eab00000, 0x00000000eb180000, 0x0000000100000000)
  eden space 3584K, 100% used [0x00000000eab00000,0x00000000eae80000,0x00000000eae80000)
  from space 1024K, 96% used [0x00000000eb000000,0x00000000eb0f7a58,0x00000000eb100000)
  to   space 512K, 0% used [0x00000000eb100000,0x00000000eb100000,0x00000000eb180000)
 ParOldGen       total 250368K, used 248049K [0x00000000c0000000, 0x00000000cf480000, 0x00000000eab00000)
  object space 250368K, 99% used [0x00000000c0000000,0x00000000cf23c6c0,0x00000000cf480000)
 Metaspace       used 67434K, committed 68672K, reserved 1114112K
  class space    used 7055K, committed 7616K, reserved 1048576K
}
Event: 33.778 GC heap after
{Heap after GC invocations=356 (full 9):
 PSYoungGen      total 4096K, used 501K [0x00000000eab00000, 0x00000000eb280000, 0x0000000100000000)
  eden space 3584K, 0% used [0x00000000eab00000,0x00000000eab00000,0x00000000eae80000)
  from space 512K, 97% used [0x00000000eb100000,0x00000000eb17d588,0x00000000eb180000)
  to   space 2048K, 0% used [0x00000000eae80000,0x00000000eae80000,0x00000000eb080000)
 ParOldGen       total 250368K, used 249206K [0x00000000c0000000, 0x00000000cf480000, 0x00000000eab00000)
  object space 250368K, 99% used [0x00000000c0000000,0x00000000cf35d958,0x00000000cf480000)
 Metaspace       used 67434K, committed 68672K, reserved 1114112K
  class space    used 7055K, committed 7616K, reserved 1048576K
}
Event: 33.815 GC heap before
{Heap before GC invocations=357 (full 10):
 PSYoungGen      total 4096K, used 4085K [0x00000000eab00000, 0x00000000eb280000, 0x0000000100000000)
  eden space 3584K, 100% used [0x00000000eab00000,0x00000000eae80000,0x00000000eae80000)
  from space 512K, 97% used [0x00000000eb100000,0x00000000eb17d588,0x00000000eb180000)
  to   space 2048K, 0% used [0x00000000eae80000,0x00000000eae80000,0x00000000eb080000)
 ParOldGen       total 250368K, used 249206K [0x00000000c0000000, 0x00000000cf480000, 0x00000000eab00000)
  object space 250368K, 99% used [0x00000000c0000000,0x00000000cf35d958,0x00000000cf480000)
 Metaspace       used 67459K, committed 68672K, reserved 1114112K
  class space    used 7058K, committed 7616K, reserved 1048576K
}
Event: 33.958 GC heap after
{Heap after GC invocations=357 (full 10):
 PSYoungGen      total 5632K, used 0K [0x00000000eab00000, 0x00000000eb280000, 0x0000000100000000)
  eden space 3584K, 0% used [0x00000000eab00000,0x00000000eab00000,0x00000000eae80000)
  from space 2048K, 0% used [0x00000000eae80000,0x00000000eae80000,0x00000000eb080000)
  to   space 2048K, 0% used [0x00000000eb080000,0x00000000eb080000,0x00000000eb280000)
 ParOldGen       total 279040K, used 242271K [0x00000000c0000000, 0x00000000d1080000, 0x00000000eab00000)
  object space 279040K, 86% used [0x00000000c0000000,0x00000000cec97e90,0x00000000d1080000)
 Metaspace       used 67459K, committed 68672K, reserved 1114112K
  class space    used 7058K, committed 7616K, reserved 1048576K
}
Event: 33.996 GC heap before
{Heap before GC invocations=358 (full 10):
 PSYoungGen      total 5632K, used 3584K [0x00000000eab00000, 0x00000000eb280000, 0x0000000100000000)
  eden space 3584K, 100% used [0x00000000eab00000,0x00000000eae80000,0x00000000eae80000)
  from space 2048K, 0% used [0x00000000eae80000,0x00000000eae80000,0x00000000eb080000)
  to   space 2048K, 0% used [0x00000000eb080000,0x00000000eb080000,0x00000000eb280000)
 ParOldGen       total 279040K, used 242271K [0x00000000c0000000, 0x00000000d1080000, 0x00000000eab00000)
  object space 279040K, 86% used [0x00000000c0000000,0x00000000cec97e90,0x00000000d1080000)
 Metaspace       used 67501K, committed 68736K, reserved 1114112K
  class space    used 7062K, committed 7616K, reserved 1048576K
}
Event: 34.000 GC heap after
{Heap after GC invocations=358 (full 10):
 PSYoungGen      total 4608K, used 860K [0x00000000eab00000, 0x00000000eb180000, 0x0000000100000000)
  eden space 3584K, 0% used [0x00000000eab00000,0x00000000eab00000,0x00000000eae80000)
  from space 1024K, 84% used [0x00000000eb080000,0x00000000eb157160,0x00000000eb180000)
  to   space 1536K, 0% used [0x00000000eae80000,0x00000000eae80000,0x00000000eb000000)
 ParOldGen       total 279040K, used 242279K [0x00000000c0000000, 0x00000000d1080000, 0x00000000eab00000)
  object space 279040K, 86% used [0x00000000c0000000,0x00000000cec99e90,0x00000000d1080000)
 Metaspace       used 67501K, committed 68736K, reserved 1114112K
  class space    used 7062K, committed 7616K, reserved 1048576K
}
Event: 34.069 GC heap before
{Heap before GC invocations=359 (full 10):
 PSYoungGen      total 4608K, used 4444K [0x00000000eab00000, 0x00000000eb180000, 0x0000000100000000)
  eden space 3584K, 100% used [0x00000000eab00000,0x00000000eae80000,0x00000000eae80000)
  from space 1024K, 84% used [0x00000000eb080000,0x00000000eb157160,0x00000000eb180000)
  to   space 1536K, 0% used [0x00000000eae80000,0x00000000eae80000,0x00000000eb000000)
 ParOldGen       total 279040K, used 242279K [0x00000000c0000000, 0x00000000d1080000, 0x00000000eab00000)
  object space 279040K, 86% used [0x00000000c0000000,0x00000000cec99e90,0x00000000d1080000)
 Metaspace       used 67635K, committed 68864K, reserved 1114112K
  class space    used 7074K, committed 7616K, reserved 1048576K
}
Event: 34.071 GC heap after
{Heap after GC invocations=359 (full 10):
 PSYoungGen      total 5120K, used 756K [0x00000000eab00000, 0x00000000eb100000, 0x0000000100000000)
  eden space 3584K, 0% used [0x00000000eab00000,0x00000000eab00000,0x00000000eae80000)
  from space 1536K, 49% used [0x00000000eae80000,0x00000000eaf3d328,0x00000000eb000000)
  to   space 1024K, 0% used [0x00000000eb000000,0x00000000eb000000,0x00000000eb100000)
 ParOldGen       total 279040K, used 243052K [0x00000000c0000000, 0x00000000d1080000, 0x00000000eab00000)
  object space 279040K, 87% used [0x00000000c0000000,0x00000000ced5b3a8,0x00000000d1080000)
 Metaspace       used 67635K, committed 68864K, reserved 1114112K
  class space    used 7074K, committed 7616K, reserved 1048576K
}
Event: 34.110 GC heap before
{Heap before GC invocations=360 (full 10):
 PSYoungGen      total 5120K, used 4340K [0x00000000eab00000, 0x00000000eb100000, 0x0000000100000000)
  eden space 3584K, 100% used [0x00000000eab00000,0x00000000eae80000,0x00000000eae80000)
  from space 1536K, 49% used [0x00000000eae80000,0x00000000eaf3d328,0x00000000eb000000)
  to   space 1024K, 0% used [0x00000000eb000000,0x00000000eb000000,0x00000000eb100000)
 ParOldGen       total 279040K, used 243052K [0x00000000c0000000, 0x00000000d1080000, 0x00000000eab00000)
  object space 279040K, 87% used [0x00000000c0000000,0x00000000ced5b3a8,0x00000000d1080000)
 Metaspace       used 67870K, committed 69184K, reserved 1114112K
  class space    used 7092K, committed 7680K, reserved 1048576K
}
Event: 34.112 GC heap after
{Heap after GC invocations=360 (full 10):
 PSYoungGen      total 4608K, used 1021K [0x00000000eab00000, 0x00000000eb180000, 0x0000000100000000)
  eden space 3584K, 0% used [0x00000000eab00000,0x00000000eab00000,0x00000000eae80000)
  from space 1024K, 99% used [0x00000000eb000000,0x00000000eb0ff410,0x00000000eb100000)
  to   space 1536K, 0% used [0x00000000eae80000,0x00000000eae80000,0x00000000eb000000)
 ParOldGen       total 279040K, used 243320K [0x00000000c0000000, 0x00000000d1080000, 0x00000000eab00000)
  object space 279040K, 87% used [0x00000000c0000000,0x00000000ced9e0c8,0x00000000d1080000)
 Metaspace       used 67870K, committed 69184K, reserved 1114112K
  class space    used 7092K, committed 7680K, reserved 1048576K
}
Event: 34.169 GC heap before
{Heap before GC invocations=361 (full 10):
 PSYoungGen      total 4608K, used 4605K [0x00000000eab00000, 0x00000000eb180000, 0x0000000100000000)
  eden space 3584K, 100% used [0x00000000eab00000,0x00000000eae80000,0x00000000eae80000)
  from space 1024K, 99% used [0x00000000eb000000,0x00000000eb0ff410,0x00000000eb100000)
  to   space 1536K, 0% used [0x00000000eae80000,0x00000000eae80000,0x00000000eb000000)
 ParOldGen       total 279040K, used 243320K [0x00000000c0000000, 0x00000000d1080000, 0x00000000eab00000)
  object space 279040K, 87% used [0x00000000c0000000,0x00000000ced9e0c8,0x00000000d1080000)
 Metaspace       used 67907K, committed 69184K, reserved 1114112K
  class space    used 7099K, committed 7680K, reserved 1048576K
}
Event: 34.171 GC heap after
{Heap after GC invocations=361 (full 10):
 PSYoungGen      total 5120K, used 921K [0x00000000eab00000, 0x00000000eb180000, 0x0000000100000000)
  eden space 3584K, 0% used [0x00000000eab00000,0x00000000eab00000,0x00000000eae80000)
  from space 1536K, 59% used [0x00000000eae80000,0x00000000eaf664b8,0x00000000eb000000)
  to   space 1536K, 0% used [0x00000000eb000000,0x00000000eb000000,0x00000000eb180000)
 ParOldGen       total 279040K, used 244259K [0x00000000c0000000, 0x00000000d1080000, 0x00000000eab00000)
  object space 279040K, 87% used [0x00000000c0000000,0x00000000cee88d18,0x00000000d1080000)
 Metaspace       used 67907K, committed 69184K, reserved 1114112K
  class space    used 7099K, committed 7680K, reserved 1048576K
}

